3/26/2023 2:27:01 PM	This log contains information about the import schema operation into project 'ChoredomDB' on computer 'MSI' by user 'under'.
3/26/2023 2:27:02 PM	Import of database schema has started.
3/26/2023 2:27:22 PM	Gathering database credentials
3/26/2023 2:27:22 PM	Gathering database options
3/26/2023 2:27:22 PM	Gathering generic database scoped configuration option
3/26/2023 2:27:22 PM	Gathering users
3/26/2023 2:27:23 PM	Gathering roles
3/26/2023 2:27:23 PM	Gathering application roles
3/26/2023 2:27:23 PM	Gathering role memberships
3/26/2023 2:27:23 PM	Gathering filegroups
3/26/2023 2:27:23 PM	Gathering full-text catalogs
3/26/2023 2:27:23 PM	Gathering assemblies
3/26/2023 2:27:23 PM	Gathering certificates
3/26/2023 2:27:23 PM	Gathering asymmetric keys
3/26/2023 2:27:23 PM	Gathering symmetric keys
3/26/2023 2:27:23 PM	Gathering encrypted symmetric keys
3/26/2023 2:27:23 PM	Gathering schemas
3/26/2023 2:27:23 PM	Gathering XML schema collections
3/26/2023 2:27:23 PM	Gathering user-defined data types
3/26/2023 2:27:23 PM	Gathering user-defined types
3/26/2023 2:27:23 PM	Gathering table types
3/26/2023 2:27:23 PM	Gathering unique keys for table types
3/26/2023 2:27:23 PM	Gathering primary keys for table types
3/26/2023 2:27:23 PM	Gathering indexes for table types
3/26/2023 2:27:24 PM	Gathering check constraints for table types
3/26/2023 2:27:24 PM	Gathering default constraints for table types
3/26/2023 2:27:25 PM	Gathering partition functions
3/26/2023 2:27:25 PM	Gathering partition schemes
3/26/2023 2:27:25 PM	Gathering functions
3/26/2023 2:27:25 PM	Gathering encrypted functions
3/26/2023 2:27:25 PM	Gathering aggregates
3/26/2023 2:27:25 PM	Gathering procedures
3/26/2023 2:27:50 PM	Gathering encrypted procedures
3/26/2023 2:27:50 PM	Gathering tables
3/26/2023 2:28:40 PM	Gathering primary keys
3/26/2023 2:28:40 PM	Gathering unique constraints
3/26/2023 2:28:40 PM	Gathering foreign keys
3/26/2023 2:28:40 PM	Gathering default constraints
3/26/2023 2:28:40 PM	Gathering check constraints
3/26/2023 2:28:40 PM	Gathering views
3/26/2023 2:28:40 PM	Gathering encrypted views
3/26/2023 2:28:40 PM	Gathering indexes
3/26/2023 2:28:40 PM	Gathering statistics
3/26/2023 2:28:40 PM	Gathering full-text index stoplists
3/26/2023 2:28:40 PM	Gathering search property lists
3/26/2023 2:28:40 PM	Gathering search properties
3/26/2023 2:28:40 PM	Gathering full-text indexes
3/26/2023 2:28:40 PM	Gathering column store indexes
3/26/2023 2:28:40 PM	Gathering spatial indexes
3/26/2023 2:28:40 PM	Gathering XML indexes
3/26/2023 2:28:40 PM	Gathering Selective XML indexes
3/26/2023 2:28:40 PM	Gathering encrypted triggers
3/26/2023 2:28:40 PM	Gathering triggers
3/26/2023 2:28:40 PM	Gathering encrypted and clr ddl triggers
3/26/2023 2:29:09 PM	Gathering ddl triggers
3/26/2023 2:29:09 PM	Creating edge constraints
3/26/2023 2:29:09 PM	Gathering synonyms
3/26/2023 2:29:09 PM	Gathering defaults
3/26/2023 2:29:09 PM	Gathering data constraint uddt bindings
3/26/2023 2:29:09 PM	Gathering rules
3/26/2023 2:29:09 PM	Gathering data constraint uddt bindings
3/26/2023 2:29:09 PM	Gathering message types
3/26/2023 2:29:09 PM	Gathering queues
3/26/2023 2:29:09 PM	Gathering contracts
3/26/2023 2:29:09 PM	Gathering services
3/26/2023 2:29:09 PM	Gathering event notifications
3/26/2023 2:29:09 PM	Gathering remote service bindings
3/26/2023 2:29:09 PM	Gathering broker priorities
3/26/2023 2:29:09 PM	Gathering signatures
3/26/2023 2:29:09 PM	Gathering data compression options
3/26/2023 2:29:09 PM	Gathering sequence types
3/26/2023 2:29:09 PM	Gathering security policies
3/26/2023 2:29:09 PM	Gather column encryption keys
3/26/2023 2:29:09 PM	Gathering column master keys
3/26/2023 2:29:09 PM	Gathering external data sources
3/26/2023 2:29:09 PM	Gathering external file formats
3/26/2023 2:29:09 PM	Gathering external tables
3/26/2023 2:29:09 PM	Gathering extended properties
3/26/2023 2:29:09 PM	Gathering assemblies
3/26/2023 2:29:10 PM	Gathering credentials
3/26/2023 2:29:10 PM	Gathering logins
3/26/2023 2:29:10 PM	Gathering server audits
3/26/2023 2:29:12 PM	Scanning project for duplicate elements
3/26/2023 2:29:12 PM	Finished duplicate element processing
3/26/2023 2:29:13 PM	Finished importing database.
3/26/2023 2:29:13 PM	A summary of the import was saved to the following location: C:\Users\under\Desktop\ClientServer\Choredom\ChoredomDB\Import Schema Logs\ChoredomDB_20230326072701.log
3/26/2023 2:29:13 PM	Click Finish to continue...
